<?xml version="1.0" encoding="UTF-8"?>
<testng-results ignored="0" total="1" passed="1" failed="0" skipped="0">
  <reporter-output>
  </reporter-output>
  <suite started-at="2021-01-22T14:51:04 PKT" name="Suite" finished-at="2021-01-22T14:51:16 PKT" duration-ms="11265">
    <groups>
    </groups>
    <test started-at="2021-01-22T14:51:04 PKT" name="Test" finished-at="2021-01-22T14:51:16 PKT" duration-ms="11265">
      <class name="gittry.GittryTest">
        <test-method signature="login()[pri:0, instance:gittry.GittryTest@399f45b1]" started-at="2021-01-22T14:51:04 PKT" name="login" finished-at="2021-01-22T14:51:16 PKT" duration-ms="11209" status="PASS">
          <reporter-output>
          </reporter-output>
        </test-method> <!-- login -->
      </class> <!-- gittry.GittryTest -->
    </test> <!-- Test -->
  </suite> <!-- Suite -->
</testng-results>
